<?xml version="1.0" encoding="UTF-8"?>
<robot generator="Robot 4.1 (Python 3.9.6 on win32)" generated="20210823 18:26:07.102" rpa="false" schemaversion="2">
<suite id="s1" name="Test" source="C:\Users\rrdc\vscode-workspace\robotframework-ci\Test">
<suite id="s1-s1" name="Feature" source="C:\Users\rrdc\vscode-workspace\robotframework-ci\Test\feature">
<suite id="s1-s1-s1" name="Test Cases" source="C:\Users\rrdc\vscode-workspace\robotframework-ci\Test\feature\test_cases.robot">
<test id="s1-s1-s1-t1" name="Cenário: Salvando um novo herói - Hulk">
<kw name="Dado que desejo salvar um novo herói" library="bdd_pt-br" sourcename="Dado ${keyword}">
<kw name="Run Keyword" library="BuiltIn">
<arg>${keyword}</arg>
<doc>Executes the given keyword with the given arguments.</doc>
<kw name="que desejo salvar um novo herói" library="resource_bdd">
<kw name="Open Browser" library="SeleniumLibrary">
<arg>${URL}</arg>
<arg>${BROWSER}</arg>
<doc>Opens a new browser instance to the optional ``url``.</doc>
<msg timestamp="20210823 18:26:07.500" level="INFO">Opening browser 'chrome' to base url 'https://angular-heroi.herokuapp.com/herois'.</msg>
<status status="PASS" starttime="20210823 18:26:07.500" endtime="20210823 18:26:10.783"/>
</kw>
<kw name="Wait Until Element Is Visible" library="SeleniumLibrary">
<arg>${ADICIONAR}</arg>
<doc>Waits until the element ``locator`` is visible.</doc>
<status status="PASS" starttime="20210823 18:26:10.783" endtime="20210823 18:26:10.808"/>
</kw>
<kw name="Title Should Be" library="SeleniumLibrary">
<arg>angular-heroi</arg>
<doc>Verifies that the current page title equals ``title``.</doc>
<msg timestamp="20210823 18:26:10.814" level="INFO">Page title is 'angular-heroi'.</msg>
<status status="PASS" starttime="20210823 18:26:10.808" endtime="20210823 18:26:10.814"/>
</kw>
<status status="PASS" starttime="20210823 18:26:07.500" endtime="20210823 18:26:10.814"/>
</kw>
<status status="PASS" starttime="20210823 18:26:07.499" endtime="20210823 18:26:10.814"/>
</kw>
<status status="PASS" starttime="20210823 18:26:07.499" endtime="20210823 18:26:10.814"/>
</kw>
<kw name="Quando clicar em &quot;Adicionar&quot;" library="bdd_pt-br" sourcename="Quando ${keyword}">
<kw name="Run Keyword" library="BuiltIn">
<arg>${keyword}</arg>
<doc>Executes the given keyword with the given arguments.</doc>
<kw name="clicar em &quot;Adicionar&quot;" library="resource_bdd">
<kw name="Click Element" library="SeleniumLibrary">
<arg>${ADICIONAR}</arg>
<doc>Click the element identified by ``locator``.</doc>
<msg timestamp="20210823 18:26:10.816" level="INFO">Clicking element 'xpath=.//nav/div/li[2]/a'.</msg>
<status status="PASS" starttime="20210823 18:26:10.815" endtime="20210823 18:26:10.868"/>
</kw>
<status status="PASS" starttime="20210823 18:26:10.815" endtime="20210823 18:26:10.868"/>
</kw>
<status status="PASS" starttime="20210823 18:26:10.815" endtime="20210823 18:26:10.869"/>
</kw>
<status status="PASS" starttime="20210823 18:26:10.815" endtime="20210823 18:26:10.869"/>
</kw>
<kw name="E Inserir &quot;Hulk&quot;, &quot;Bruce Benner&quot; e &quot;Marvel&quot;" library="bdd_pt-br" sourcename="E ${keyword}">
<kw name="Run Keyword" library="BuiltIn">
<arg>${keyword}</arg>
<doc>Executes the given keyword with the given arguments.</doc>
<kw name="Inserir &quot;Hulk&quot;, &quot;Bruce Benner&quot; e &quot;Marvel&quot;" library="resource_bdd" sourcename="Inserir &quot;${NOME}&quot;, &quot;${NOME_CIVIL}&quot; e &quot;${UNIVERSO}&quot;">
<kw name="Input Text" library="SeleniumLibrary">
<arg>${CAMPO_NOME}</arg>
<arg>${NOME}</arg>
<doc>Types the given ``text`` into the text field identified by ``locator``.</doc>
<msg timestamp="20210823 18:26:10.872" level="INFO">Typing text 'Hulk' into text field 'id=nome'.</msg>
<status status="PASS" starttime="20210823 18:26:10.872" endtime="20210823 18:26:10.959"/>
</kw>
<kw name="Input Text" library="SeleniumLibrary">
<arg>${CAMPO_NOME_CIVIL}</arg>
<arg>${NOME_CIVIL}</arg>
<doc>Types the given ``text`` into the text field identified by ``locator``.</doc>
<msg timestamp="20210823 18:26:10.960" level="INFO">Typing text 'Bruce Benner' into text field 'id=nomeCivil'.</msg>
<status status="PASS" starttime="20210823 18:26:10.959" endtime="20210823 18:26:11.043"/>
</kw>
<kw name="Click Element" library="SeleniumLibrary">
<arg>${COMBO_UNIVERSO}/option[@value='${UNIVERSO}']</arg>
<doc>Click the element identified by ``locator``.</doc>
<msg timestamp="20210823 18:26:11.044" level="INFO">Clicking element 'xpath=.//select[@id="universo"]/option[@value='Marvel']'.</msg>
<status status="PASS" starttime="20210823 18:26:11.044" endtime="20210823 18:26:11.073"/>
</kw>
<status status="PASS" starttime="20210823 18:26:10.871" endtime="20210823 18:26:11.073"/>
</kw>
<status status="PASS" starttime="20210823 18:26:10.871" endtime="20210823 18:26:11.073"/>
</kw>
<status status="PASS" starttime="20210823 18:26:10.870" endtime="20210823 18:26:11.073"/>
</kw>
<kw name="E clicar em &quot;Salvar&quot;" library="bdd_pt-br" sourcename="E ${keyword}">
<kw name="Run Keyword" library="BuiltIn">
<arg>${keyword}</arg>
<doc>Executes the given keyword with the given arguments.</doc>
<kw name="clicar em &quot;Salvar&quot;" library="resource_bdd">
<kw name="Click Element" library="SeleniumLibrary">
<arg>${SALVAR}</arg>
<doc>Click the element identified by ``locator``.</doc>
<msg timestamp="20210823 18:26:11.075" level="INFO">Clicking element 'xpath=.//app-create/div/div/div/button'.</msg>
<status status="PASS" starttime="20210823 18:26:11.075" endtime="20210823 18:26:11.117"/>
</kw>
<status status="PASS" starttime="20210823 18:26:11.075" endtime="20210823 18:26:11.117"/>
</kw>
<status status="PASS" starttime="20210823 18:26:11.074" endtime="20210823 18:26:11.117"/>
</kw>
<status status="PASS" starttime="20210823 18:26:11.074" endtime="20210823 18:26:11.117"/>
</kw>
<kw name="Então apresentará a mensagem &quot;Novo herói adicionado!&quot;" library="bdd_pt-br" sourcename="Então ${keyword}">
<kw name="Run Keyword" library="BuiltIn">
<arg>${keyword}</arg>
<doc>Executes the given keyword with the given arguments.</doc>
<kw name="apresentará a mensagem &quot;Novo herói adicionado!&quot;" library="resource_bdd" sourcename="apresentará a mensagem &quot;${MENSAGEM}&quot;">
<kw name="Wait Until Element Is Visible" library="SeleniumLibrary">
<arg>${MENSAGEM_EXIBIDA}</arg>
<doc>Waits until the element ``locator`` is visible.</doc>
<status status="PASS" starttime="20210823 18:26:11.119" endtime="20210823 18:26:11.999"/>
</kw>
<kw name="Page Should Contain" library="SeleniumLibrary">
<arg>${MENSAGEM}</arg>
<doc>Verifies that current page contains ``text``.</doc>
<msg timestamp="20210823 18:26:11.999" level="INFO">Current page contains text 'Novo herói adicionado!'.</msg>
<status status="PASS" starttime="20210823 18:26:11.999" endtime="20210823 18:26:11.999"/>
</kw>
<status status="PASS" starttime="20210823 18:26:11.119" endtime="20210823 18:26:11.999"/>
</kw>
<status status="PASS" starttime="20210823 18:26:11.118" endtime="20210823 18:26:11.999"/>
</kw>
<status status="PASS" starttime="20210823 18:26:11.118" endtime="20210823 18:26:11.999"/>
</kw>
<status status="PASS" starttime="20210823 18:26:07.487" endtime="20210823 18:26:12.015"/>
</test>
<kw name="Fechar Navegador" library="resource_bdd" type="TEARDOWN">
<kw name="Close Browser" library="SeleniumLibrary">
<doc>Closes the current browser.</doc>
<status status="PASS" starttime="20210823 18:26:12.017" endtime="20210823 18:26:14.258"/>
</kw>
<status status="PASS" starttime="20210823 18:26:12.017" endtime="20210823 18:26:14.258"/>
</kw>
<status status="PASS" starttime="20210823 18:26:07.143" endtime="20210823 18:26:14.258"/>
</suite>
<status status="PASS" starttime="20210823 18:26:07.124" endtime="20210823 18:26:14.270"/>
</suite>
<status status="PASS" starttime="20210823 18:26:07.102" endtime="20210823 18:26:14.279"/>
</suite>
<statistics>
<total>
<stat pass="1" fail="0" skip="0">All Tests</stat>
</total>
<tag>
</tag>
<suite>
<stat pass="1" fail="0" skip="0" id="s1" name="Test">Test</stat>
<stat pass="1" fail="0" skip="0" id="s1-s1" name="Feature">Test.Feature</stat>
<stat pass="1" fail="0" skip="0" id="s1-s1-s1" name="Test Cases">Test.Feature.Test Cases</stat>
</suite>
</statistics>
<errors>
</errors>
</robot>
