<?xml version="1.0" encoding="UTF-8"?>
<robot generator="Robot 4.1 (Python 3.9.0 on linux)" generated="20210825 15:24:42.468" rpa="false" schemaversion="2">
<suite id="s1" name="Tests" source="/opt/robotframework/tests">
<suite id="s1-s1" name="Test Cases" source="/opt/robotframework/tests/test_cases.robot">
<test id="s1-s1-t1" name="Cenário: Salvando um novo herói - Hulk">
<kw name="Dado que desejo salvar um novo herói" library="bdd_pt-br" sourcename="Dado ${keyword}">
<kw name="Run Keyword" library="BuiltIn">
<arg>${keyword}</arg>
<doc>Executes the given keyword with the given arguments.</doc>
<kw name="que desejo salvar um novo herói" library="resource_bdd">
<kw name="Open Browser" library="SeleniumLibrary">
<arg>${URL}</arg>
<arg>${BROWSER}</arg>
<doc>Opens a new browser instance to the optional ``url``.</doc>
<msg timestamp="20210825 15:24:42.668" level="INFO">Opening browser 'chrome' to base url 'https://angular-heroi.herokuapp.com/herois'.</msg>
<status status="PASS" starttime="20210825 15:24:42.667" endtime="20210825 15:24:58.803"/>
</kw>
<kw name="Wait Until Element Is Visible" library="SeleniumLibrary">
<arg>${ADICIONAR}</arg>
<doc>Waits until the element ``locator`` is visible.</doc>
<status status="PASS" starttime="20210825 15:24:58.803" endtime="20210825 15:24:58.842"/>
</kw>
<kw name="Title Should Be" library="SeleniumLibrary">
<arg>angular-heroi</arg>
<doc>Verifies that the current page title equals ``title``.</doc>
<msg timestamp="20210825 15:24:58.847" level="INFO">Page title is 'angular-heroi'.</msg>
<status status="PASS" starttime="20210825 15:24:58.842" endtime="20210825 15:24:58.847"/>
</kw>
<status status="PASS" starttime="20210825 15:24:42.667" endtime="20210825 15:24:58.847"/>
</kw>
<status status="PASS" starttime="20210825 15:24:42.666" endtime="20210825 15:24:58.848"/>
</kw>
<status status="PASS" starttime="20210825 15:24:42.666" endtime="20210825 15:24:58.848"/>
</kw>
<kw name="Quando clicar em &quot;Adicionar&quot;" library="bdd_pt-br" sourcename="Quando ${keyword}">
<kw name="Run Keyword" library="BuiltIn">
<arg>${keyword}</arg>
<doc>Executes the given keyword with the given arguments.</doc>
<kw name="clicar em &quot;Adicionar&quot;" library="resource_bdd">
<kw name="Click Element" library="SeleniumLibrary">
<arg>${ADICIONAR}</arg>
<doc>Click the element identified by ``locator``.</doc>
<msg timestamp="20210825 15:24:58.849" level="INFO">Clicking element 'xpath=.//nav/div/li[2]/a'.</msg>
<status status="PASS" starttime="20210825 15:24:58.849" endtime="20210825 15:24:58.924"/>
</kw>
<status status="PASS" starttime="20210825 15:24:58.849" endtime="20210825 15:24:58.924"/>
</kw>
<status status="PASS" starttime="20210825 15:24:58.848" endtime="20210825 15:24:58.924"/>
</kw>
<status status="PASS" starttime="20210825 15:24:58.848" endtime="20210825 15:24:58.924"/>
</kw>
<kw name="E Inserir &quot;Hulk&quot;, &quot;Bruce Benner&quot; e &quot;Marvel&quot;" library="bdd_pt-br" sourcename="E ${keyword}">
<kw name="Run Keyword" library="BuiltIn">
<arg>${keyword}</arg>
<doc>Executes the given keyword with the given arguments.</doc>
<kw name="Inserir &quot;Hulk&quot;, &quot;Bruce Benner&quot; e &quot;Marvel&quot;" library="resource_bdd" sourcename="Inserir &quot;${NOME}&quot;, &quot;${NOME_CIVIL}&quot; e &quot;${UNIVERSO}&quot;">
<kw name="Input Text" library="SeleniumLibrary">
<arg>${CAMPO_NOME}</arg>
<arg>${NOME}</arg>
<doc>Types the given ``text`` into the text field identified by ``locator``.</doc>
<msg timestamp="20210825 15:24:58.926" level="INFO">Typing text 'Hulk' into text field 'id=nome'.</msg>
<status status="PASS" starttime="20210825 15:24:58.926" endtime="20210825 15:24:59.036"/>
</kw>
<kw name="Input Text" library="SeleniumLibrary">
<arg>${CAMPO_NOME_CIVIL}</arg>
<arg>${NOME_CIVIL}</arg>
<doc>Types the given ``text`` into the text field identified by ``locator``.</doc>
<msg timestamp="20210825 15:24:59.036" level="INFO">Typing text 'Bruce Benner' into text field 'id=nomeCivil'.</msg>
<status status="PASS" starttime="20210825 15:24:59.036" endtime="20210825 15:24:59.165"/>
</kw>
<kw name="Click Element" library="SeleniumLibrary">
<arg>${COMBO_UNIVERSO}/option[@value='${UNIVERSO}']</arg>
<doc>Click the element identified by ``locator``.</doc>
<msg timestamp="20210825 15:24:59.166" level="INFO">Clicking element 'xpath=.//select[@id="universo"]/option[@value='Marvel']'.</msg>
<status status="PASS" starttime="20210825 15:24:59.165" endtime="20210825 15:24:59.213"/>
</kw>
<status status="PASS" starttime="20210825 15:24:58.925" endtime="20210825 15:24:59.213"/>
</kw>
<status status="PASS" starttime="20210825 15:24:58.925" endtime="20210825 15:24:59.213"/>
</kw>
<status status="PASS" starttime="20210825 15:24:58.925" endtime="20210825 15:24:59.213"/>
</kw>
<kw name="E clicar em &quot;Salvar&quot;" library="bdd_pt-br" sourcename="E ${keyword}">
<kw name="Run Keyword" library="BuiltIn">
<arg>${keyword}</arg>
<doc>Executes the given keyword with the given arguments.</doc>
<kw name="clicar em &quot;Salvar&quot;" library="resource_bdd">
<kw name="Click Element" library="SeleniumLibrary">
<arg>${SALVAR}</arg>
<doc>Click the element identified by ``locator``.</doc>
<msg timestamp="20210825 15:24:59.215" level="INFO">Clicking element 'xpath=.//app-create/div/div/div/button'.</msg>
<status status="PASS" starttime="20210825 15:24:59.214" endtime="20210825 15:24:59.280"/>
</kw>
<status status="PASS" starttime="20210825 15:24:59.214" endtime="20210825 15:24:59.280"/>
</kw>
<status status="PASS" starttime="20210825 15:24:59.214" endtime="20210825 15:24:59.280"/>
</kw>
<status status="PASS" starttime="20210825 15:24:59.213" endtime="20210825 15:24:59.280"/>
</kw>
<kw name="Então apresentará a mensagem &quot;Novo herói adicionado!&quot;" library="bdd_pt-br" sourcename="Então ${keyword}">
<kw name="Run Keyword" library="BuiltIn">
<arg>${keyword}</arg>
<doc>Executes the given keyword with the given arguments.</doc>
<kw name="apresentará a mensagem &quot;Novo herói adicionado!&quot;" library="resource_bdd" sourcename="apresentará a mensagem &quot;${MENSAGEM}&quot;">
<kw name="Wait Until Element Is Visible" library="SeleniumLibrary">
<arg>${MENSAGEM_EXIBIDA}</arg>
<doc>Waits until the element ``locator`` is visible.</doc>
<kw name="Capture Page Screenshot" library="SeleniumLibrary">
<doc>Takes a screenshot of the current page and embeds it into a log file.</doc>
<msg timestamp="20210825 15:25:04.476" level="INFO" html="true">&lt;/td&gt;&lt;/tr&gt;&lt;tr&gt;&lt;td colspan="3"&gt;&lt;a href="selenium-screenshot-1.png"&gt;&lt;img src="selenium-screenshot-1.png" width="800px"&gt;&lt;/a&gt;</msg>
<status status="PASS" starttime="20210825 15:25:04.364" endtime="20210825 15:25:04.476"/>
</kw>
<msg timestamp="20210825 15:25:04.477" level="FAIL">Element 'xpath=.//app-create/div/div/div/h3' not visible after 5 seconds.</msg>
<status status="FAIL" starttime="20210825 15:24:59.281" endtime="20210825 15:25:04.478"/>
</kw>
<kw name="Page Should Contain" library="SeleniumLibrary">
<arg>${MENSAGEM}</arg>
<doc>Verifies that current page contains ``text``.</doc>
<status status="NOT RUN" starttime="20210825 15:25:04.478" endtime="20210825 15:25:04.478"/>
</kw>
<status status="FAIL" starttime="20210825 15:24:59.281" endtime="20210825 15:25:04.479"/>
</kw>
<status status="FAIL" starttime="20210825 15:24:59.281" endtime="20210825 15:25:04.479"/>
</kw>
<status status="FAIL" starttime="20210825 15:24:59.280" endtime="20210825 15:25:04.480"/>
</kw>
<status status="FAIL" starttime="20210825 15:24:42.665" endtime="20210825 15:25:04.480">Element 'xpath=.//app-create/div/div/div/h3' not visible after 5 seconds.</status>
</test>
<kw name="Fechar Navegador" library="resource_bdd" type="TEARDOWN">
<kw name="Close Browser" library="SeleniumLibrary">
<doc>Closes the current browser.</doc>
<status status="PASS" starttime="20210825 15:25:04.482" endtime="20210825 15:25:04.545"/>
</kw>
<status status="PASS" starttime="20210825 15:25:04.482" endtime="20210825 15:25:04.546"/>
</kw>
<status status="FAIL" starttime="20210825 15:24:42.492" endtime="20210825 15:25:04.546"/>
</suite>
<status status="FAIL" starttime="20210825 15:24:42.469" endtime="20210825 15:25:04.548"/>
</suite>
<statistics>
<total>
<stat pass="0" fail="1" skip="0">All Tests</stat>
</total>
<tag>
</tag>
<suite>
<stat pass="0" fail="1" skip="0" id="s1" name="Tests">Tests</stat>
<stat pass="0" fail="1" skip="0" id="s1-s1" name="Test Cases">Tests.Test Cases</stat>
</suite>
</statistics>
<errors>
</errors>
</robot>
