<?xml version="1.0" encoding="UTF-8"?>
<robot generator="Robot 4.1 (Python 3.9.6 on win32)" generated="20210823 12:15:50.432" rpa="false" schemaversion="2">
<suite id="s1" name="Test" source="C:\Users\rrdc\vscode-workspace\robotframework-ci\test">
<suite id="s1-s1" name="Feature" source="C:\Users\rrdc\vscode-workspace\robotframework-ci\test\feature">
<suite id="s1-s1-s1" name="Test Cases" source="C:\Users\rrdc\vscode-workspace\robotframework-ci\test\feature\test_cases.robot">
<test id="s1-s1-s1-t1" name="Cenário: Salvando um novo herói - Hulk">
<kw name="Dado que desejo salvar um novo herói" library="bdd_pt-br" sourcename="Dado ${keyword}">
<kw name="Run Keyword" library="BuiltIn">
<arg>${keyword}</arg>
<doc>Executes the given keyword with the given arguments.</doc>
<kw name="que desejo salvar um novo herói" library="resource_bdd">
<kw name="Open Browser" library="SeleniumLibrary">
<arg>${URL}</arg>
<arg>${BROWSER}</arg>
<doc>Opens a new browser instance to the optional ``url``.</doc>
<msg timestamp="20210823 12:15:50.791" level="INFO">Opening browser 'chrome' to base url 'https://angular-heroi.herokuapp.com/herois'.</msg>
<status status="PASS" starttime="20210823 12:15:50.791" endtime="20210823 12:15:54.053"/>
</kw>
<kw name="Wait Until Element Is Visible" library="SeleniumLibrary">
<arg>${ADICIONAR}</arg>
<doc>Waits until the element ``locator`` is visible.</doc>
<status status="PASS" starttime="20210823 12:15:54.053" endtime="20210823 12:15:54.078"/>
</kw>
<kw name="Title Should Be" library="SeleniumLibrary">
<arg>angular-heroi</arg>
<doc>Verifies that the current page title equals ``title``.</doc>
<msg timestamp="20210823 12:15:54.084" level="INFO">Page title is 'angular-heroi'.</msg>
<status status="PASS" starttime="20210823 12:15:54.079" endtime="20210823 12:15:54.084"/>
</kw>
<status status="PASS" starttime="20210823 12:15:50.791" endtime="20210823 12:15:54.084"/>
</kw>
<status status="PASS" starttime="20210823 12:15:50.790" endtime="20210823 12:15:54.084"/>
</kw>
<status status="PASS" starttime="20210823 12:15:50.790" endtime="20210823 12:15:54.084"/>
</kw>
<kw name="Quando clicar em &quot;Adicionar&quot;" library="bdd_pt-br" sourcename="Quando ${keyword}">
<kw name="Run Keyword" library="BuiltIn">
<arg>${keyword}</arg>
<doc>Executes the given keyword with the given arguments.</doc>
<kw name="clicar em &quot;Adicionar&quot;" library="resource_bdd">
<kw name="Click Element" library="SeleniumLibrary">
<arg>${ADICIONAR}</arg>
<doc>Click the element identified by ``locator``.</doc>
<msg timestamp="20210823 12:15:54.086" level="INFO">Clicking element 'xpath=.//nav/div/li[2]/a'.</msg>
<status status="PASS" starttime="20210823 12:15:54.086" endtime="20210823 12:15:54.142"/>
</kw>
<status status="PASS" starttime="20210823 12:15:54.086" endtime="20210823 12:15:54.142"/>
</kw>
<status status="PASS" starttime="20210823 12:15:54.085" endtime="20210823 12:15:54.142"/>
</kw>
<status status="PASS" starttime="20210823 12:15:54.085" endtime="20210823 12:15:54.142"/>
</kw>
<kw name="E Inserir &quot;Hulk&quot;, &quot;Bruce Benner&quot; e &quot;Marvel&quot;" library="bdd_pt-br" sourcename="E ${keyword}">
<kw name="Run Keyword" library="BuiltIn">
<arg>${keyword}</arg>
<doc>Executes the given keyword with the given arguments.</doc>
<kw name="Inserir &quot;Hulk&quot;, &quot;Bruce Benner&quot; e &quot;Marvel&quot;" library="resource_bdd" sourcename="Inserir &quot;${NOME}&quot;, &quot;${NOME_CIVIL}&quot; e &quot;${UNIVERSO}&quot;">
<kw name="Input Text" library="SeleniumLibrary">
<arg>${CAMPO_NOME}</arg>
<arg>${NOME}</arg>
<doc>Types the given ``text`` into the text field identified by ``locator``.</doc>
<msg timestamp="20210823 12:15:54.145" level="INFO">Typing text 'Hulk' into text field 'id=nome'.</msg>
<status status="PASS" starttime="20210823 12:15:54.144" endtime="20210823 12:15:54.232"/>
</kw>
<kw name="Input Text" library="SeleniumLibrary">
<arg>${CAMPO_NOME_CIVIL}</arg>
<arg>${NOME_CIVIL}</arg>
<doc>Types the given ``text`` into the text field identified by ``locator``.</doc>
<msg timestamp="20210823 12:15:54.233" level="INFO">Typing text 'Bruce Benner' into text field 'id=nomeCivil'.</msg>
<status status="PASS" starttime="20210823 12:15:54.232" endtime="20210823 12:15:54.313"/>
</kw>
<kw name="Click Element" library="SeleniumLibrary">
<arg>${COMBO_UNIVERSO}/option[@value='${UNIVERSO}']</arg>
<doc>Click the element identified by ``locator``.</doc>
<msg timestamp="20210823 12:15:54.314" level="INFO">Clicking element 'xpath=.//select[@id="universo"]/option[@value='Marvel']'.</msg>
<status status="PASS" starttime="20210823 12:15:54.313" endtime="20210823 12:15:54.343"/>
</kw>
<status status="PASS" starttime="20210823 12:15:54.144" endtime="20210823 12:15:54.343"/>
</kw>
<status status="PASS" starttime="20210823 12:15:54.143" endtime="20210823 12:15:54.343"/>
</kw>
<status status="PASS" starttime="20210823 12:15:54.143" endtime="20210823 12:15:54.343"/>
</kw>
<kw name="E clicar em &quot;Salvar&quot;" library="bdd_pt-br" sourcename="E ${keyword}">
<kw name="Run Keyword" library="BuiltIn">
<arg>${keyword}</arg>
<doc>Executes the given keyword with the given arguments.</doc>
<kw name="clicar em &quot;Salvar&quot;" library="resource_bdd">
<kw name="Click Element" library="SeleniumLibrary">
<arg>${SALVAR}</arg>
<doc>Click the element identified by ``locator``.</doc>
<msg timestamp="20210823 12:15:54.346" level="INFO">Clicking element 'xpath=.//app-create/div/div/div/button'.</msg>
<status status="PASS" starttime="20210823 12:15:54.345" endtime="20210823 12:15:54.389"/>
</kw>
<status status="PASS" starttime="20210823 12:15:54.345" endtime="20210823 12:15:54.389"/>
</kw>
<status status="PASS" starttime="20210823 12:15:54.344" endtime="20210823 12:15:54.389"/>
</kw>
<status status="PASS" starttime="20210823 12:15:54.344" endtime="20210823 12:15:54.389"/>
</kw>
<kw name="Então apresentará a mensagem &quot;Novo herói adicionado!&quot;" library="bdd_pt-br" sourcename="Então ${keyword}">
<kw name="Run Keyword" library="BuiltIn">
<arg>${keyword}</arg>
<doc>Executes the given keyword with the given arguments.</doc>
<kw name="apresentará a mensagem &quot;Novo herói adicionado!&quot;" library="resource_bdd" sourcename="apresentará a mensagem &quot;${MENSAGEM}&quot;">
<kw name="Wait Until Element Is Visible" library="SeleniumLibrary">
<arg>${MENSAGEM_EXIBIDA}</arg>
<doc>Waits until the element ``locator`` is visible.</doc>
<status status="PASS" starttime="20210823 12:15:54.391" endtime="20210823 12:15:55.288"/>
</kw>
<kw name="Page Should Contain" library="SeleniumLibrary">
<arg>${MENSAGEM}</arg>
<doc>Verifies that current page contains ``text``.</doc>
<msg timestamp="20210823 12:15:55.307" level="INFO">Current page contains text 'Novo herói adicionado!'.</msg>
<status status="PASS" starttime="20210823 12:15:55.288" endtime="20210823 12:15:55.307"/>
</kw>
<status status="PASS" starttime="20210823 12:15:54.390" endtime="20210823 12:15:55.307"/>
</kw>
<status status="PASS" starttime="20210823 12:15:54.390" endtime="20210823 12:15:55.307"/>
</kw>
<status status="PASS" starttime="20210823 12:15:54.390" endtime="20210823 12:15:55.307"/>
</kw>
<status status="PASS" starttime="20210823 12:15:50.785" endtime="20210823 12:15:55.307"/>
</test>
<kw name="Fechar Navegador" library="resource_bdd" type="TEARDOWN">
<kw name="Close Browser" library="SeleniumLibrary">
<doc>Closes the current browser.</doc>
<status status="PASS" starttime="20210823 12:15:55.311" endtime="20210823 12:15:57.539"/>
</kw>
<status status="PASS" starttime="20210823 12:15:55.311" endtime="20210823 12:15:57.539"/>
</kw>
<status status="PASS" starttime="20210823 12:15:50.472" endtime="20210823 12:15:57.540"/>
</suite>
<status status="PASS" starttime="20210823 12:15:50.463" endtime="20210823 12:15:57.548"/>
</suite>
<status status="PASS" starttime="20210823 12:15:50.432" endtime="20210823 12:15:57.553"/>
</suite>
<statistics>
<total>
<stat pass="1" fail="0" skip="0">All Tests</stat>
</total>
<tag>
</tag>
<suite>
<stat pass="1" fail="0" skip="0" id="s1" name="Test">Test</stat>
<stat pass="1" fail="0" skip="0" id="s1-s1" name="Feature">Test.Feature</stat>
<stat pass="1" fail="0" skip="0" id="s1-s1-s1" name="Test Cases">Test.Feature.Test Cases</stat>
</suite>
</statistics>
<errors>
</errors>
</robot>
